[0.058s] DEBUG:colcon:Command line arguments: ['/usr/bin/colcon', 'build', '--symlink-install', '--packages-select', 'mycobot_hardware']
[0.058s] DEBUG:colcon:Parsed command line arguments: Namespace(log_base=None, log_level=None, verb_name='build', build_base='build', install_base='install', merge_install=False, symlink_install=True, test_result_base=None, continue_on_error=False, executor='parallel', parallel_workers=12, event_handlers=None, ignore_user_meta=False, metas=['./colcon.meta'], base_paths=['.'], packages_ignore=None, packages_ignore_regex=None, paths=None, packages_up_to=None, packages_up_to_regex=None, packages_above=None, packages_above_and_dependencies=None, packages_above_depth=None, packages_select_by_dep=None, packages_skip_by_dep=None, packages_skip_up_to=None, packages_select_build_failed=False, packages_skip_build_finished=False, packages_select_test_failures=False, packages_skip_test_passed=False, packages_select=['mycobot_hardware'], packages_skip=None, packages_select_regex=None, packages_skip_regex=None, packages_start=None, packages_end=None, allow_overriding=[], cmake_args=None, cmake_target=None, cmake_target_skip_unavailable=False, cmake_clean_cache=False, cmake_clean_first=False, cmake_force_configure=False, ament_cmake_args=None, catkin_cmake_args=None, catkin_skip_building_tests=False, mixin_files=None, mixin=None, verb_parser=<colcon_mixin.mixin.mixin_argument.MixinArgumentDecorator object at 0x7d6f451a0d00>, verb_extension=<colcon_core.verb.build.BuildVerb object at 0x7d6f451a06d0>, main=<bound method BuildVerb.main of <colcon_core.verb.build.BuildVerb object at 0x7d6f451a06d0>>, mixin_verb=('build',))
[0.143s] Level 1:colcon.colcon_core.package_discovery:discover_packages(colcon_meta) check parameters
[0.143s] Level 1:colcon.colcon_core.package_discovery:discover_packages(recursive) check parameters
[0.143s] Level 1:colcon.colcon_core.package_discovery:discover_packages(ignore) check parameters
[0.143s] Level 1:colcon.colcon_core.package_discovery:discover_packages(path) check parameters
[0.144s] Level 1:colcon.colcon_core.package_discovery:discover_packages(colcon_meta) discover
[0.144s] Level 1:colcon.colcon_core.package_discovery:discover_packages(recursive) discover
[0.144s] INFO:colcon.colcon_core.package_discovery:Crawling recursively for packages in '/home/munzir/robotic_arm (copy)/docker_ws/arm_ws/mycobot_hardware'
[0.144s] Level 1:colcon.colcon_core.package_identification:_identify(.) by extensions ['ignore', 'ignore_ament_install']
[0.144s] Level 1:colcon.colcon_core.package_identification:_identify(.) by extension 'ignore'
[0.144s] Level 1:colcon.colcon_core.package_identification:_identify(.) by extension 'ignore_ament_install'
[0.144s] Level 1:colcon.colcon_core.package_identification:_identify(.) by extensions ['colcon_pkg']
[0.144s] Level 1:colcon.colcon_core.package_identification:_identify(.) by extension 'colcon_pkg'
[0.144s] Level 1:colcon.colcon_core.package_identification:_identify(.) by extensions ['colcon_meta']
[0.144s] Level 1:colcon.colcon_core.package_identification:_identify(.) by extension 'colcon_meta'
[0.144s] Level 1:colcon.colcon_core.package_identification:_identify(.) by extensions ['ros']
[0.144s] Level 1:colcon.colcon_core.package_identification:_identify(.) by extension 'ros'
[0.154s] Level 1:colcon.colcon_core.package_identification:_identify(.) by extensions ['cmake', 'python']
[0.154s] Level 1:colcon.colcon_core.package_identification:_identify(.) by extension 'cmake'
[0.154s] Level 1:colcon.colcon_core.package_identification:_identify(.) by extension 'python'
[0.154s] Level 1:colcon.colcon_core.package_identification:_identify(.) by extensions ['python_setup_py']
[0.154s] Level 1:colcon.colcon_core.package_identification:_identify(.) by extension 'python_setup_py'
[0.154s] Level 1:colcon.colcon_core.package_identification:_identify(build) by extensions ['ignore', 'ignore_ament_install']
[0.154s] Level 1:colcon.colcon_core.package_identification:_identify(build) by extension 'ignore'
[0.155s] Level 1:colcon.colcon_core.package_identification:_identify(build) ignored
[0.155s] Level 1:colcon.colcon_core.package_identification:_identify(install) by extensions ['ignore', 'ignore_ament_install']
[0.155s] Level 1:colcon.colcon_core.package_identification:_identify(install) by extension 'ignore'
[0.155s] Level 1:colcon.colcon_core.package_identification:_identify(install) ignored
[0.155s] Level 1:colcon.colcon_core.package_identification:_identify(log) by extensions ['ignore', 'ignore_ament_install']
[0.155s] Level 1:colcon.colcon_core.package_identification:_identify(log) by extension 'ignore'
[0.155s] Level 1:colcon.colcon_core.package_identification:_identify(log) ignored
[0.155s] Level 1:colcon.colcon_core.package_identification:_identify(mycobot_gazebo) by extensions ['ignore', 'ignore_ament_install']
[0.155s] Level 1:colcon.colcon_core.package_identification:_identify(mycobot_gazebo) by extension 'ignore'
[0.155s] Level 1:colcon.colcon_core.package_identification:_identify(mycobot_gazebo) by extension 'ignore_ament_install'
[0.155s] Level 1:colcon.colcon_core.package_identification:_identify(mycobot_gazebo) by extensions ['colcon_pkg']
[0.155s] Level 1:colcon.colcon_core.package_identification:_identify(mycobot_gazebo) by extension 'colcon_pkg'
[0.155s] Level 1:colcon.colcon_core.package_identification:_identify(mycobot_gazebo) by extensions ['colcon_meta']
[0.155s] Level 1:colcon.colcon_core.package_identification:_identify(mycobot_gazebo) by extension 'colcon_meta'
[0.155s] Level 1:colcon.colcon_core.package_identification:_identify(mycobot_gazebo) by extensions ['ros']
[0.155s] Level 1:colcon.colcon_core.package_identification:_identify(mycobot_gazebo) by extension 'ros'
[0.157s] DEBUG:colcon.colcon_core.package_identification:Package 'mycobot_gazebo' with type 'ros.ament_cmake' and name 'mycobot_gazebo'
[0.157s] Level 1:colcon.colcon_core.package_identification:_identify(mycobot_hardware) by extensions ['ignore', 'ignore_ament_install']
[0.157s] Level 1:colcon.colcon_core.package_identification:_identify(mycobot_hardware) by extension 'ignore'
[0.157s] Level 1:colcon.colcon_core.package_identification:_identify(mycobot_hardware) by extension 'ignore_ament_install'
[0.157s] Level 1:colcon.colcon_core.package_identification:_identify(mycobot_hardware) by extensions ['colcon_pkg']
[0.157s] Level 1:colcon.colcon_core.package_identification:_identify(mycobot_hardware) by extension 'colcon_pkg'
[0.157s] Level 1:colcon.colcon_core.package_identification:_identify(mycobot_hardware) by extensions ['colcon_meta']
[0.157s] Level 1:colcon.colcon_core.package_identification:_identify(mycobot_hardware) by extension 'colcon_meta'
[0.157s] Level 1:colcon.colcon_core.package_identification:_identify(mycobot_hardware) by extensions ['ros']
[0.157s] Level 1:colcon.colcon_core.package_identification:_identify(mycobot_hardware) by extension 'ros'
[0.157s] DEBUG:colcon.colcon_core.package_identification:Package 'mycobot_hardware' with type 'ros.ament_cmake' and name 'mycobot_hardware'
[0.157s] Level 1:colcon.colcon_core.package_discovery:discover_packages(recursive) using defaults
[0.157s] Level 1:colcon.colcon_core.package_discovery:discover_packages(ignore) discover
[0.157s] Level 1:colcon.colcon_core.package_discovery:discover_packages(ignore) using defaults
[0.157s] Level 1:colcon.colcon_core.package_discovery:discover_packages(path) discover
[0.157s] Level 1:colcon.colcon_core.package_discovery:discover_packages(path) using defaults
[0.167s] INFO:colcon.colcon_core.package_selection:Skipping not selected package 'mycobot_gazebo' in 'mycobot_gazebo'
[0.167s] Level 1:colcon.colcon_core.package_discovery:discover_packages(prefix_path) check parameters
[0.167s] Level 1:colcon.colcon_core.package_discovery:discover_packages(prefix_path) discover
[0.168s] DEBUG:colcon.colcon_installed_package_information.package_discovery:Found 1 installed packages in /home/munzir/robotic_arm (copy)/docker_ws/arm_ws/mycobot_hardware/mycobot_hardware/install
[0.169s] DEBUG:colcon.colcon_installed_package_information.package_discovery:Found 9 installed packages in /home/munzir/linorobot2_ws/install
[0.169s] DEBUG:colcon.colcon_installed_package_information.package_discovery:Found 39 installed packages in /home/munzir/Documents/nav2_ws/install
[0.170s] DEBUG:colcon.colcon_installed_package_information.package_discovery:Found 483 installed packages in /opt/ros/humble
[0.172s] Level 1:colcon.colcon_core.package_discovery:discover_packages(prefix_path) using defaults
[0.198s] Level 5:colcon.colcon_core.verb:set package 'mycobot_hardware' build argument 'cmake_args' from command line to 'None'
[0.198s] Level 5:colcon.colcon_core.verb:set package 'mycobot_hardware' build argument 'cmake_target' from command line to 'None'
[0.198s] Level 5:colcon.colcon_core.verb:set package 'mycobot_hardware' build argument 'cmake_target_skip_unavailable' from command line to 'False'
[0.198s] Level 5:colcon.colcon_core.verb:set package 'mycobot_hardware' build argument 'cmake_clean_cache' from command line to 'False'
[0.198s] Level 5:colcon.colcon_core.verb:set package 'mycobot_hardware' build argument 'cmake_clean_first' from command line to 'False'
[0.198s] Level 5:colcon.colcon_core.verb:set package 'mycobot_hardware' build argument 'cmake_force_configure' from command line to 'False'
[0.198s] Level 5:colcon.colcon_core.verb:set package 'mycobot_hardware' build argument 'ament_cmake_args' from command line to 'None'
[0.198s] Level 5:colcon.colcon_core.verb:set package 'mycobot_hardware' build argument 'catkin_cmake_args' from command line to 'None'
[0.198s] Level 5:colcon.colcon_core.verb:set package 'mycobot_hardware' build argument 'catkin_skip_building_tests' from command line to 'False'
[0.198s] DEBUG:colcon.colcon_core.verb:Building package 'mycobot_hardware' with the following arguments: {'ament_cmake_args': None, 'build_base': '/home/munzir/robotic_arm (copy)/docker_ws/arm_ws/mycobot_hardware/build/mycobot_hardware', 'catkin_cmake_args': None, 'catkin_skip_building_tests': False, 'cmake_args': None, 'cmake_clean_cache': False, 'cmake_clean_first': False, 'cmake_force_configure': False, 'cmake_target': None, 'cmake_target_skip_unavailable': False, 'install_base': '/home/munzir/robotic_arm (copy)/docker_ws/arm_ws/mycobot_hardware/install/mycobot_hardware', 'merge_install': False, 'path': '/home/munzir/robotic_arm (copy)/docker_ws/arm_ws/mycobot_hardware/mycobot_hardware', 'symlink_install': True, 'test_result_base': None}
[0.198s] INFO:colcon.colcon_core.executor:Executing jobs using 'parallel' executor
[0.199s] DEBUG:colcon.colcon_parallel_executor.executor.parallel:run_until_complete
[0.199s] INFO:colcon.colcon_ros.task.ament_cmake.build:Building ROS package in '/home/munzir/robotic_arm (copy)/docker_ws/arm_ws/mycobot_hardware/mycobot_hardware' with build type 'ament_cmake'
[0.199s] INFO:colcon.colcon_cmake.task.cmake.build:Building CMake package in '/home/munzir/robotic_arm (copy)/docker_ws/arm_ws/mycobot_hardware/mycobot_hardware'
[0.201s] INFO:colcon.colcon_core.plugin_system:Skipping extension 'colcon_core.shell.bat': Not used on non-Windows systems
[0.201s] INFO:colcon.colcon_core.shell:Skip shell extension 'powershell' for command environment: Not usable outside of PowerShell
[0.201s] DEBUG:colcon.colcon_core.shell:Skip shell extension 'dsv' for command environment
[0.213s] DEBUG:colcon.colcon_core.event_handler.log_command:Invoking command in '/home/munzir/robotic_arm (copy)/docker_ws/arm_ws/mycobot_hardware/build/mycobot_hardware': CMAKE_PREFIX_PATH=${CMAKE_PREFIX_PATH}:/home/munzir/Documents/nav2_ws/install/nav2_simple_commander:/opt/ros/humble /usr/bin/cmake /home/munzir/robotic_arm (copy)/docker_ws/arm_ws/mycobot_hardware/mycobot_hardware -DAMENT_CMAKE_SYMLINK_INSTALL=1 -DCMAKE_INSTALL_PREFIX=/home/munzir/robotic_arm (copy)/docker_ws/arm_ws/mycobot_hardware/install/mycobot_hardware
[1.391s] DEBUG:colcon.colcon_core.event_handler.log_command:Invoked command in '/home/munzir/robotic_arm (copy)/docker_ws/arm_ws/mycobot_hardware/build/mycobot_hardware' returned '1': CMAKE_PREFIX_PATH=${CMAKE_PREFIX_PATH}:/home/munzir/Documents/nav2_ws/install/nav2_simple_commander:/opt/ros/humble /usr/bin/cmake /home/munzir/robotic_arm (copy)/docker_ws/arm_ws/mycobot_hardware/mycobot_hardware -DAMENT_CMAKE_SYMLINK_INSTALL=1 -DCMAKE_INSTALL_PREFIX=/home/munzir/robotic_arm (copy)/docker_ws/arm_ws/mycobot_hardware/install/mycobot_hardware
[1.412s] Level 1:colcon.colcon_core.environment:create_environment_scripts_only(mycobot_hardware)
[1.415s] Level 1:colcon.colcon_core.environment:checking '/home/munzir/robotic_arm (copy)/docker_ws/arm_ws/mycobot_hardware/install/mycobot_hardware' for CMake module files
[1.416s] Level 1:colcon.colcon_core.environment:checking '/home/munzir/robotic_arm (copy)/docker_ws/arm_ws/mycobot_hardware/install/mycobot_hardware' for CMake config files
[1.416s] Level 1:colcon.colcon_core.environment:checking '/home/munzir/robotic_arm (copy)/docker_ws/arm_ws/mycobot_hardware/install/mycobot_hardware/bin'
[1.416s] Level 1:colcon.colcon_core.environment:checking '/home/munzir/robotic_arm (copy)/docker_ws/arm_ws/mycobot_hardware/install/mycobot_hardware/lib/pkgconfig/mycobot_hardware.pc'
[1.417s] Level 1:colcon.colcon_core.environment:checking '/home/munzir/robotic_arm (copy)/docker_ws/arm_ws/mycobot_hardware/install/mycobot_hardware/lib/python3.10/site-packages'
[1.417s] Level 1:colcon.colcon_core.environment:checking '/home/munzir/robotic_arm (copy)/docker_ws/arm_ws/mycobot_hardware/install/mycobot_hardware/bin'
[1.418s] INFO:colcon.colcon_core.shell:Creating package script '/home/munzir/robotic_arm (copy)/docker_ws/arm_ws/mycobot_hardware/install/mycobot_hardware/share/mycobot_hardware/package.ps1'
[1.419s] INFO:colcon.colcon_core.shell:Creating package descriptor '/home/munzir/robotic_arm (copy)/docker_ws/arm_ws/mycobot_hardware/install/mycobot_hardware/share/mycobot_hardware/package.dsv'
[1.420s] INFO:colcon.colcon_core.shell:Creating package script '/home/munzir/robotic_arm (copy)/docker_ws/arm_ws/mycobot_hardware/install/mycobot_hardware/share/mycobot_hardware/package.sh'
[1.421s] INFO:colcon.colcon_core.shell:Creating package script '/home/munzir/robotic_arm (copy)/docker_ws/arm_ws/mycobot_hardware/install/mycobot_hardware/share/mycobot_hardware/package.bash'
[1.422s] INFO:colcon.colcon_core.shell:Creating package script '/home/munzir/robotic_arm (copy)/docker_ws/arm_ws/mycobot_hardware/install/mycobot_hardware/share/mycobot_hardware/package.zsh'
[1.422s] Level 1:colcon.colcon_core.environment:create_file_with_runtime_dependencies(/home/munzir/robotic_arm (copy)/docker_ws/arm_ws/mycobot_hardware/install/mycobot_hardware/share/colcon-core/packages/mycobot_hardware)
[1.433s] DEBUG:colcon.colcon_parallel_executor.executor.parallel:closing loop
[1.433s] DEBUG:colcon.colcon_parallel_executor.executor.parallel:loop closed
[1.433s] DEBUG:colcon.colcon_parallel_executor.executor.parallel:run_until_complete finished with '1'
[1.433s] DEBUG:colcon.colcon_core.event_reactor:joining thread
[1.443s] INFO:colcon.colcon_core.plugin_system:Skipping extension 'colcon_notification.desktop_notification.terminal_notifier': Not used on non-Darwin systems
[1.443s] INFO:colcon.colcon_core.plugin_system:Skipping extension 'colcon_notification.desktop_notification.win32': Not used on non-Windows systems
[1.443s] INFO:colcon.colcon_notification.desktop_notification:Sending desktop notification using 'notify2'
[1.460s] DEBUG:colcon.colcon_core.event_reactor:joined thread
[1.461s] INFO:colcon.colcon_core.shell:Creating prefix script '/home/munzir/robotic_arm (copy)/docker_ws/arm_ws/mycobot_hardware/install/local_setup.ps1'
[1.462s] INFO:colcon.colcon_core.shell:Creating prefix util module '/home/munzir/robotic_arm (copy)/docker_ws/arm_ws/mycobot_hardware/install/_local_setup_util_ps1.py'
[1.464s] INFO:colcon.colcon_core.shell:Creating prefix chain script '/home/munzir/robotic_arm (copy)/docker_ws/arm_ws/mycobot_hardware/install/setup.ps1'
[1.466s] INFO:colcon.colcon_core.shell:Creating prefix script '/home/munzir/robotic_arm (copy)/docker_ws/arm_ws/mycobot_hardware/install/local_setup.sh'
[1.467s] INFO:colcon.colcon_core.shell:Creating prefix util module '/home/munzir/robotic_arm (copy)/docker_ws/arm_ws/mycobot_hardware/install/_local_setup_util_sh.py'
[1.467s] INFO:colcon.colcon_core.shell:Creating prefix chain script '/home/munzir/robotic_arm (copy)/docker_ws/arm_ws/mycobot_hardware/install/setup.sh'
[1.469s] INFO:colcon.colcon_core.shell:Creating prefix script '/home/munzir/robotic_arm (copy)/docker_ws/arm_ws/mycobot_hardware/install/local_setup.bash'
[1.469s] INFO:colcon.colcon_core.shell:Creating prefix chain script '/home/munzir/robotic_arm (copy)/docker_ws/arm_ws/mycobot_hardware/install/setup.bash'
[1.471s] INFO:colcon.colcon_core.shell:Creating prefix script '/home/munzir/robotic_arm (copy)/docker_ws/arm_ws/mycobot_hardware/install/local_setup.zsh'
[1.471s] INFO:colcon.colcon_core.shell:Creating prefix chain script '/home/munzir/robotic_arm (copy)/docker_ws/arm_ws/mycobot_hardware/install/setup.zsh'
