[0.054s] DEBUG:colcon:Command line arguments: ['/usr/bin/colcon', 'build', '--packages-select', 'mycobot_hardware', '--symlink-install']
[0.054s] DEBUG:colcon:Parsed command line arguments: Namespace(log_base=None, log_level=None, verb_name='build', build_base='build', install_base='install', merge_install=False, symlink_install=True, test_result_base=None, continue_on_error=False, executor='parallel', parallel_workers=12, event_handlers=None, ignore_user_meta=False, metas=['./colcon.meta'], base_paths=['.'], packages_ignore=None, packages_ignore_regex=None, paths=None, packages_up_to=None, packages_up_to_regex=None, packages_above=None, packages_above_and_dependencies=None, packages_above_depth=None, packages_select_by_dep=None, packages_skip_by_dep=None, packages_skip_up_to=None, packages_select_build_failed=False, packages_skip_build_finished=False, packages_select_test_failures=False, packages_skip_test_passed=False, packages_select=['mycobot_hardware'], packages_skip=None, packages_select_regex=None, packages_skip_regex=None, packages_start=None, packages_end=None, cmake_args=None, cmake_target=None, cmake_target_skip_unavailable=False, cmake_clean_cache=False, cmake_clean_first=False, cmake_force_configure=False, ament_cmake_args=None, catkin_cmake_args=None, catkin_skip_building_tests=False, mixin_files=None, mixin=None, verb_parser=<colcon_mixin.mixin.mixin_argument.MixinArgumentDecorator object at 0x768c3714fd90>, verb_extension=<colcon_core.verb.build.BuildVerb object at 0x768c3728cdf0>, main=<bound method BuildVerb.main of <colcon_core.verb.build.BuildVerb object at 0x768c3728cdf0>>, mixin_verb=('build',))
[0.117s] Level 1:colcon.colcon_core.package_discovery:discover_packages(colcon_meta) check parameters
[0.117s] Level 1:colcon.colcon_core.package_discovery:discover_packages(recursive) check parameters
[0.117s] Level 1:colcon.colcon_core.package_discovery:discover_packages(ignore) check parameters
[0.117s] Level 1:colcon.colcon_core.package_discovery:discover_packages(path) check parameters
[0.117s] Level 1:colcon.colcon_core.package_discovery:discover_packages(colcon_meta) discover
[0.117s] Level 1:colcon.colcon_core.package_discovery:discover_packages(recursive) discover
[0.117s] INFO:colcon.colcon_core.package_discovery:Crawling recursively for packages in '/home/rosdev/arm_ws/mycobot_hardware/mycobot_hardware'
[0.117s] Level 1:colcon.colcon_core.package_identification:_identify(.) by extensions ['ignore', 'ignore_ament_install']
[0.118s] Level 1:colcon.colcon_core.package_identification:_identify(.) by extension 'ignore'
[0.118s] Level 1:colcon.colcon_core.package_identification:_identify(.) by extension 'ignore_ament_install'
[0.118s] Level 1:colcon.colcon_core.package_identification:_identify(.) by extensions ['colcon_pkg']
[0.118s] Level 1:colcon.colcon_core.package_identification:_identify(.) by extension 'colcon_pkg'
[0.118s] Level 1:colcon.colcon_core.package_identification:_identify(.) by extensions ['colcon_meta']
[0.118s] Level 1:colcon.colcon_core.package_identification:_identify(.) by extension 'colcon_meta'
[0.118s] Level 1:colcon.colcon_core.package_identification:_identify(.) by extensions ['ros']
[0.118s] Level 1:colcon.colcon_core.package_identification:_identify(.) by extension 'ros'
[0.124s] DEBUG:colcon.colcon_core.package_identification:Package '.' with type 'ros.ament_cmake' and name 'mycobot_hardware'
[0.124s] Level 1:colcon.colcon_core.package_discovery:discover_packages(recursive) using defaults
[0.125s] Level 1:colcon.colcon_core.package_discovery:discover_packages(ignore) discover
[0.125s] Level 1:colcon.colcon_core.package_discovery:discover_packages(ignore) using defaults
[0.125s] Level 1:colcon.colcon_core.package_discovery:discover_packages(path) discover
[0.125s] Level 1:colcon.colcon_core.package_discovery:discover_packages(path) using defaults
[0.134s] Level 5:colcon.colcon_core.verb:set package 'mycobot_hardware' build argument 'cmake_args' from command line to 'None'
[0.134s] Level 5:colcon.colcon_core.verb:set package 'mycobot_hardware' build argument 'cmake_target' from command line to 'None'
[0.134s] Level 5:colcon.colcon_core.verb:set package 'mycobot_hardware' build argument 'cmake_target_skip_unavailable' from command line to 'False'
[0.134s] Level 5:colcon.colcon_core.verb:set package 'mycobot_hardware' build argument 'cmake_clean_cache' from command line to 'False'
[0.134s] Level 5:colcon.colcon_core.verb:set package 'mycobot_hardware' build argument 'cmake_clean_first' from command line to 'False'
[0.134s] Level 5:colcon.colcon_core.verb:set package 'mycobot_hardware' build argument 'cmake_force_configure' from command line to 'False'
[0.134s] Level 5:colcon.colcon_core.verb:set package 'mycobot_hardware' build argument 'ament_cmake_args' from command line to 'None'
[0.134s] Level 5:colcon.colcon_core.verb:set package 'mycobot_hardware' build argument 'catkin_cmake_args' from command line to 'None'
[0.134s] Level 5:colcon.colcon_core.verb:set package 'mycobot_hardware' build argument 'catkin_skip_building_tests' from command line to 'False'
[0.134s] DEBUG:colcon.colcon_core.verb:Building package 'mycobot_hardware' with the following arguments: {'ament_cmake_args': None, 'build_base': '/home/rosdev/arm_ws/mycobot_hardware/mycobot_hardware/build/mycobot_hardware', 'catkin_cmake_args': None, 'catkin_skip_building_tests': False, 'cmake_args': None, 'cmake_clean_cache': False, 'cmake_clean_first': False, 'cmake_force_configure': False, 'cmake_target': None, 'cmake_target_skip_unavailable': False, 'install_base': '/home/rosdev/arm_ws/mycobot_hardware/mycobot_hardware/install/mycobot_hardware', 'merge_install': False, 'path': '/home/rosdev/arm_ws/mycobot_hardware/mycobot_hardware', 'symlink_install': True, 'test_result_base': None}
[0.134s] INFO:colcon.colcon_core.executor:Executing jobs using 'parallel' executor
[0.135s] DEBUG:colcon.colcon_parallel_executor.executor.parallel:run_until_complete
[0.135s] INFO:colcon.colcon_ros.task.ament_cmake.build:Building ROS package in '/home/rosdev/arm_ws/mycobot_hardware/mycobot_hardware' with build type 'ament_cmake'
[0.135s] INFO:colcon.colcon_cmake.task.cmake.build:Building CMake package in '/home/rosdev/arm_ws/mycobot_hardware/mycobot_hardware'
[0.147s] INFO:colcon.colcon_core.plugin_system:Skipping extension 'colcon_core.shell.bat': Not used on non-Windows systems
[0.148s] INFO:colcon.colcon_core.shell:Skip shell extension 'powershell' for command environment: Not usable outside of PowerShell
[0.148s] DEBUG:colcon.colcon_core.shell:Skip shell extension 'dsv' for command environment
[0.155s] DEBUG:colcon.colcon_core.event_handler.log_command:Invoking command in '/home/rosdev/arm_ws/mycobot_hardware/mycobot_hardware/build/mycobot_hardware': CMAKE_PREFIX_PATH=/opt/ros/humble /usr/bin/cmake /home/rosdev/arm_ws/mycobot_hardware/mycobot_hardware -DAMENT_CMAKE_SYMLINK_INSTALL=1 -DCMAKE_INSTALL_PREFIX=/home/rosdev/arm_ws/mycobot_hardware/mycobot_hardware/install/mycobot_hardware
[1.184s] DEBUG:colcon.colcon_core.event_handler.log_command:Invoked command in '/home/rosdev/arm_ws/mycobot_hardware/mycobot_hardware/build/mycobot_hardware' returned '0': CMAKE_PREFIX_PATH=/opt/ros/humble /usr/bin/cmake /home/rosdev/arm_ws/mycobot_hardware/mycobot_hardware -DAMENT_CMAKE_SYMLINK_INSTALL=1 -DCMAKE_INSTALL_PREFIX=/home/rosdev/arm_ws/mycobot_hardware/mycobot_hardware/install/mycobot_hardware
[1.184s] DEBUG:colcon.colcon_core.event_handler.log_command:Invoking command in '/home/rosdev/arm_ws/mycobot_hardware/mycobot_hardware/build/mycobot_hardware': CMAKE_PREFIX_PATH=/opt/ros/humble /usr/bin/cmake --build /home/rosdev/arm_ws/mycobot_hardware/mycobot_hardware/build/mycobot_hardware -- -j12 -l12
[3.132s] DEBUG:colcon.colcon_core.event_handler.log_command:Invoked command in '/home/rosdev/arm_ws/mycobot_hardware/mycobot_hardware/build/mycobot_hardware' returned '2': CMAKE_PREFIX_PATH=/opt/ros/humble /usr/bin/cmake --build /home/rosdev/arm_ws/mycobot_hardware/mycobot_hardware/build/mycobot_hardware -- -j12 -l12
[3.132s] Level 1:colcon.colcon_core.environment:create_environment_scripts_only(mycobot_hardware)
[3.136s] Level 1:colcon.colcon_core.environment:checking '/home/rosdev/arm_ws/mycobot_hardware/mycobot_hardware/install/mycobot_hardware' for CMake module files
[3.137s] Level 1:colcon.colcon_core.environment:checking '/home/rosdev/arm_ws/mycobot_hardware/mycobot_hardware/install/mycobot_hardware' for CMake config files
[3.137s] Level 1:colcon.colcon_core.environment:checking '/home/rosdev/arm_ws/mycobot_hardware/mycobot_hardware/install/mycobot_hardware/bin'
[3.137s] Level 1:colcon.colcon_core.environment:checking '/home/rosdev/arm_ws/mycobot_hardware/mycobot_hardware/install/mycobot_hardware/lib/pkgconfig/mycobot_hardware.pc'
[3.138s] Level 1:colcon.colcon_core.environment:checking '/home/rosdev/arm_ws/mycobot_hardware/mycobot_hardware/install/mycobot_hardware/lib/python3.10/site-packages'
[3.139s] Level 1:colcon.colcon_core.environment:checking '/home/rosdev/arm_ws/mycobot_hardware/mycobot_hardware/install/mycobot_hardware/bin'
[3.139s] INFO:colcon.colcon_core.shell:Creating package script '/home/rosdev/arm_ws/mycobot_hardware/mycobot_hardware/install/mycobot_hardware/share/mycobot_hardware/package.ps1'
[3.141s] INFO:colcon.colcon_core.shell:Creating package descriptor '/home/rosdev/arm_ws/mycobot_hardware/mycobot_hardware/install/mycobot_hardware/share/mycobot_hardware/package.dsv'
[3.141s] INFO:colcon.colcon_core.shell:Creating package script '/home/rosdev/arm_ws/mycobot_hardware/mycobot_hardware/install/mycobot_hardware/share/mycobot_hardware/package.sh'
[3.142s] INFO:colcon.colcon_core.shell:Creating package script '/home/rosdev/arm_ws/mycobot_hardware/mycobot_hardware/install/mycobot_hardware/share/mycobot_hardware/package.bash'
[3.143s] INFO:colcon.colcon_core.shell:Creating package script '/home/rosdev/arm_ws/mycobot_hardware/mycobot_hardware/install/mycobot_hardware/share/mycobot_hardware/package.zsh'
[3.143s] Level 1:colcon.colcon_core.environment:create_file_with_runtime_dependencies(/home/rosdev/arm_ws/mycobot_hardware/mycobot_hardware/install/mycobot_hardware/share/colcon-core/packages/mycobot_hardware)
[3.154s] DEBUG:colcon.colcon_parallel_executor.executor.parallel:closing loop
[3.154s] DEBUG:colcon.colcon_parallel_executor.executor.parallel:loop closed
[3.154s] DEBUG:colcon.colcon_parallel_executor.executor.parallel:run_until_complete finished with '2'
[3.154s] DEBUG:colcon.colcon_core.event_reactor:joining thread
[3.180s] INFO:colcon.colcon_core.plugin_system:Skipping extension 'colcon_notification.desktop_notification.notify_send': Could not find 'notify-send'
[3.180s] INFO:colcon.colcon_core.plugin_system:Skipping extension 'colcon_notification.desktop_notification.terminal_notifier': Not used on non-Darwin systems
[3.180s] INFO:colcon.colcon_core.plugin_system:Skipping extension 'colcon_notification.desktop_notification.win32': Not used on non-Windows systems
[3.180s] INFO:colcon.colcon_notification.desktop_notification:Sending desktop notification using 'notify2'
[3.183s] DEBUG:colcon.colcon_notification.desktop_notification.notify2:Failed to initialize notify2: org.freedesktop.DBus.Error.Spawn.ExecFailed: /usr/bin/dbus-launch terminated abnormally without any error message
[3.184s] DEBUG:colcon.colcon_core.event_reactor:joined thread
[3.185s] INFO:colcon.colcon_core.shell:Creating prefix script '/home/rosdev/arm_ws/mycobot_hardware/mycobot_hardware/install/local_setup.ps1'
[3.187s] INFO:colcon.colcon_core.shell:Creating prefix util module '/home/rosdev/arm_ws/mycobot_hardware/mycobot_hardware/install/_local_setup_util_ps1.py'
[3.190s] INFO:colcon.colcon_core.shell:Creating prefix chain script '/home/rosdev/arm_ws/mycobot_hardware/mycobot_hardware/install/setup.ps1'
[3.192s] INFO:colcon.colcon_core.shell:Creating prefix script '/home/rosdev/arm_ws/mycobot_hardware/mycobot_hardware/install/local_setup.sh'
[3.193s] INFO:colcon.colcon_core.shell:Creating prefix util module '/home/rosdev/arm_ws/mycobot_hardware/mycobot_hardware/install/_local_setup_util_sh.py'
[3.194s] INFO:colcon.colcon_core.shell:Creating prefix chain script '/home/rosdev/arm_ws/mycobot_hardware/mycobot_hardware/install/setup.sh'
[3.195s] INFO:colcon.colcon_core.shell:Creating prefix script '/home/rosdev/arm_ws/mycobot_hardware/mycobot_hardware/install/local_setup.bash'
[3.195s] INFO:colcon.colcon_core.shell:Creating prefix chain script '/home/rosdev/arm_ws/mycobot_hardware/mycobot_hardware/install/setup.bash'
[3.196s] INFO:colcon.colcon_core.shell:Creating prefix script '/home/rosdev/arm_ws/mycobot_hardware/mycobot_hardware/install/local_setup.zsh'
[3.197s] INFO:colcon.colcon_core.shell:Creating prefix chain script '/home/rosdev/arm_ws/mycobot_hardware/mycobot_hardware/install/setup.zsh'
