[0.020s] Invoking command in '/home/rosdev/arm_ws/mycobot_hardware/mycobot_hardware/build/mycobot_hardware': CMAKE_PREFIX_PATH=/opt/ros/humble /usr/bin/cmake /home/rosdev/arm_ws/mycobot_hardware/mycobot_hardware -DAMENT_CMAKE_SYMLINK_INSTALL=1 -DCMAKE_INSTALL_PREFIX=/home/rosdev/arm_ws/mycobot_hardware/mycobot_hardware/install/mycobot_hardware
[0.092s] -- The CXX compiler identification is GNU 11.4.0
[0.097s] -- Detecting CXX compiler ABI info
[0.193s] -- Detecting CXX compiler ABI info - done
[0.202s] -- Check for working CXX compiler: /usr/bin/c++ - skipped
[0.202s] -- Detecting CXX compile features
[0.203s] -- Detecting CXX compile features - done
[0.207s] -- Found ament_cmake: 1.3.14 (/opt/ros/humble/share/ament_cmake/cmake)
[0.356s] -- Found Python3: /usr/bin/python3 (found version "3.10.12") found components: Interpreter 
[0.389s] -- Override CMake install command with custom implementation using symlinks instead of copying resources
[0.417s] -- Found hardware_interface: 2.53.1 (/opt/ros/humble/share/hardware_interface/cmake)
[0.457s] -- Found rosidl_generator_c: 3.1.8 (/opt/ros/humble/share/rosidl_generator_c/cmake)
[0.460s] -- Found rosidl_adapter: 3.1.8 (/opt/ros/humble/share/rosidl_adapter/cmake)
[0.465s] -- Found rosidl_generator_cpp: 3.1.8 (/opt/ros/humble/share/rosidl_generator_cpp/cmake)
[0.472s] -- Using all available rosidl_typesupport_c: rosidl_typesupport_fastrtps_c;rosidl_typesupport_introspection_c
[0.480s] -- Using all available rosidl_typesupport_cpp: rosidl_typesupport_fastrtps_cpp;rosidl_typesupport_introspection_cpp
[0.616s] -- Found rmw_implementation_cmake: 6.1.2 (/opt/ros/humble/share/rmw_implementation_cmake/cmake)
[0.618s] -- Found rmw_fastrtps_cpp: 6.2.10 (/opt/ros/humble/share/rmw_fastrtps_cpp/cmake)
[0.633s] -- Found TinyXML2 via Config file: TinyXML2_DIR-NOTFOUND
[0.697s] -- Found OpenSSL: /usr/lib/x86_64-linux-gnu/libcrypto.so (found version "3.0.2")  
[0.697s] -- Found TinyXML2 via Config file: TinyXML2_DIR-NOTFOUND
[0.716s] -- Found FastRTPS: /opt/ros/humble/include  
[0.719s] -- Found TinyXML2 via Config file: TinyXML2_DIR-NOTFOUND
[0.726s] -- Found TinyXML2 via Config file: TinyXML2_DIR-NOTFOUND
[0.735s] -- Using RMW implementation 'rmw_fastrtps_cpp' as default
[0.749s] -- Looking for C++ include pthread.h
[0.840s] -- Looking for C++ include pthread.h - found
[0.840s] -- Performing Test CMAKE_HAVE_LIBC_PTHREAD
[0.941s] -- Performing Test CMAKE_HAVE_LIBC_PTHREAD - Success
[0.942s] -- Found Threads: TRUE  
[0.981s] -- SOEM include dirs: /usr/local/include
[0.981s] -- SOEM libraries:    /usr/local/lib/libsoem.a
[1.027s] -- Configuring done
[1.038s] -- Generating done
[1.041s] -- Build files have been written to: /home/rosdev/arm_ws/mycobot_hardware/mycobot_hardware/build/mycobot_hardware
[1.048s] Invoked command in '/home/rosdev/arm_ws/mycobot_hardware/mycobot_hardware/build/mycobot_hardware' returned '0': CMAKE_PREFIX_PATH=/opt/ros/humble /usr/bin/cmake /home/rosdev/arm_ws/mycobot_hardware/mycobot_hardware -DAMENT_CMAKE_SYMLINK_INSTALL=1 -DCMAKE_INSTALL_PREFIX=/home/rosdev/arm_ws/mycobot_hardware/mycobot_hardware/install/mycobot_hardware
[1.049s] Invoking command in '/home/rosdev/arm_ws/mycobot_hardware/mycobot_hardware/build/mycobot_hardware': CMAKE_PREFIX_PATH=/opt/ros/humble /usr/bin/cmake --build /home/rosdev/arm_ws/mycobot_hardware/mycobot_hardware/build/mycobot_hardware -- -j12 -l12
[1.116s] [ 50%] [32mBuilding CXX object CMakeFiles/mycobot_hardware.dir/src/mycobot_hardware.cpp.o[0m
[2.885s] [100%] [32m[1mLinking CXX shared library libmycobot_hardware.so[0m
[2.985s] /usr/bin/ld: /usr/local/lib/libsoem.a(ec_config.o): warning: relocation against `ecx_mapt' in read-only section `.text'
[2.992s] /usr/bin/ld: /usr/local/lib/libsoem.a(ec_config.o): relocation R_X86_64_PC32 against symbol `ecx_mapt' can not be used when making a shared object; recompile with -fPIC
[2.992s] /usr/bin/ld: final link failed: bad value
[2.993s] collect2: error: ld returned 1 exit status
[2.994s] gmake[2]: *** [CMakeFiles/mycobot_hardware.dir/build.make:225: libmycobot_hardware.so] Error 1
[2.994s] gmake[1]: *** [CMakeFiles/Makefile2:137: CMakeFiles/mycobot_hardware.dir/all] Error 2
[2.995s] gmake: *** [Makefile:146: all] Error 2
[2.996s] Invoked command in '/home/rosdev/arm_ws/mycobot_hardware/mycobot_hardware/build/mycobot_hardware' returned '2': CMAKE_PREFIX_PATH=/opt/ros/humble /usr/bin/cmake --build /home/rosdev/arm_ws/mycobot_hardware/mycobot_hardware/build/mycobot_hardware -- -j12 -l12
