[0.014s] Invoking command in '/home/munzir/robotic_arm (copy)/docker_ws/arm_ws/mycobot_hardware/build/mycobot_hardware': CMAKE_PREFIX_PATH=${CMAKE_PREFIX_PATH}:/home/munzir/Documents/nav2_ws/install/nav2_simple_commander:/opt/ros/humble /usr/bin/cmake /home/munzir/robotic_arm (copy)/docker_ws/arm_ws/mycobot_hardware/mycobot_hardware -DAMENT_CMAKE_SYMLINK_INSTALL=1 -DCMAKE_INSTALL_PREFIX=/home/munzir/robotic_arm (copy)/docker_ws/arm_ws/mycobot_hardware/install/mycobot_hardware
[0.172s] -- The CXX compiler identification is GNU 11.4.0
[0.186s] -- Detecting CXX compiler ABI info
[0.302s] -- Detecting CXX compiler ABI info - done
[0.310s] -- Check for working CXX compiler: /usr/bin/c++ - skipped
[0.310s] -- Detecting CXX compile features
[0.311s] -- Detecting CXX compile features - done
[0.322s] -- Found ament_cmake: 1.3.11 (/opt/ros/humble/share/ament_cmake/cmake)
[0.465s] -- Found Python3: /usr/bin/python3 (found version "3.10.12") found components: Interpreter 
[0.516s] -- Override CMake install command with custom implementation using symlinks instead of copying resources
[0.565s] -- Found hardware_interface: 2.49.0 (/opt/ros/humble/share/hardware_interface/cmake)
[0.615s] -- Found rosidl_generator_c: 3.1.6 (/opt/ros/humble/share/rosidl_generator_c/cmake)
[0.621s] -- Found rosidl_adapter: 3.1.6 (/opt/ros/humble/share/rosidl_adapter/cmake)
[0.632s] -- Found rosidl_generator_cpp: 3.1.6 (/opt/ros/humble/share/rosidl_generator_cpp/cmake)
[0.647s] -- Using all available rosidl_typesupport_c: rosidl_typesupport_fastrtps_c;rosidl_typesupport_introspection_c
[0.664s] -- Using all available rosidl_typesupport_cpp: rosidl_typesupport_fastrtps_cpp;rosidl_typesupport_introspection_cpp
[0.844s] -- Found rmw_implementation_cmake: 6.1.2 (/opt/ros/humble/share/rmw_implementation_cmake/cmake)
[0.848s] -- Found rmw_cyclonedds_cpp: 1.3.4 (/opt/ros/humble/share/rmw_cyclonedds_cpp/cmake)
[0.876s] -- Using RMW implementation 'rmw_cyclonedds_cpp' as default
[0.887s] -- Looking for C++ include pthread.h
[0.995s] -- Looking for C++ include pthread.h - found
[0.996s] -- Performing Test CMAKE_HAVE_LIBC_PTHREAD
[1.113s] -- Performing Test CMAKE_HAVE_LIBC_PTHREAD - Success
[1.114s] -- Found Threads: TRUE  
[1.185s] [31mCMake Error at CMakeLists.txt:52 (message):
[1.185s]   SOEM not found.  Either install pkg-config support, or pass
[1.185s]   -DSOEM_ROOT=/path/to/soem/install when invoking cmake.
[1.185s] 
[1.185s] [0m
[1.185s] -- Configuring incomplete, errors occurred!
[1.185s] See also "/home/munzir/robotic_arm (copy)/docker_ws/arm_ws/mycobot_hardware/build/mycobot_hardware/CMakeFiles/CMakeOutput.log".
[1.192s] Invoked command in '/home/munzir/robotic_arm (copy)/docker_ws/arm_ws/mycobot_hardware/build/mycobot_hardware' returned '1': CMAKE_PREFIX_PATH=${CMAKE_PREFIX_PATH}:/home/munzir/Documents/nav2_ws/install/nav2_simple_commander:/opt/ros/humble /usr/bin/cmake /home/munzir/robotic_arm (copy)/docker_ws/arm_ws/mycobot_hardware/mycobot_hardware -DAMENT_CMAKE_SYMLINK_INSTALL=1 -DCMAKE_INSTALL_PREFIX=/home/munzir/robotic_arm (copy)/docker_ws/arm_ws/mycobot_hardware/install/mycobot_hardware
